{"C:\\Users\\yasee\\docker_compose\\backend\\server.js": {"path":"C:\\Users\\yasee\\docker_compose\\backend\\server.js","statementMap":{"0":{"start":{"line":1,"column":16},"end":{"line":1,"column":34}},"1":{"start":{"line":2,"column":13},"end":{"line":2,"column":28}},"2":{"start":{"line":4,"column":12},"end":{"line":4,"column":21}},"3":{"start":{"line":5,"column":13},"end":{"line":5,"column":37}},"4":{"start":{"line":7,"column":0},"end":{"line":7,"column":16}},"5":{"start":{"line":8,"column":0},"end":{"line":8,"column":24}},"6":{"start":{"line":11,"column":14},"end":{"line":28,"column":1}},"7":{"start":{"line":30,"column":13},"end":{"line":30,"column":14}},"8":{"start":{"line":33,"column":23},"end":{"line":42,"column":1}},"9":{"start":{"line":34,"column":2},"end":{"line":41,"column":39}},"10":{"start":{"line":45,"column":0},"end":{"line":47,"column":3}},"11":{"start":{"line":46,"column":2},"end":{"line":46,"column":20}},"12":{"start":{"line":50,"column":0},"end":{"line":56,"column":3}},"13":{"start":{"line":51,"column":17},"end":{"line":51,"column":68}},"14":{"start":{"line":51,"column":35},"end":{"line":51,"column":67}},"15":{"start":{"line":52,"column":2},"end":{"line":54,"column":3}},"16":{"start":{"line":53,"column":4},"end":{"line":53,"column":63}},"17":{"start":{"line":55,"column":2},"end":{"line":55,"column":19}},"18":{"start":{"line":59,"column":0},"end":{"line":77,"column":3}},"19":{"start":{"line":60,"column":56},"end":{"line":60,"column":64}},"20":{"start":{"line":62,"column":2},"end":{"line":64,"column":3}},"21":{"start":{"line":63,"column":4},"end":{"line":63,"column":70}},"22":{"start":{"line":66,"column":20},"end":{"line":73,"column":3}},"23":{"start":{"line":75,"column":2},"end":{"line":75,"column":26}},"24":{"start":{"line":76,"column":2},"end":{"line":76,"column":34}},"25":{"start":{"line":80,"column":0},"end":{"line":88,"column":3}},"26":{"start":{"line":81,"column":22},"end":{"line":81,"column":78}},"27":{"start":{"line":81,"column":45},"end":{"line":81,"column":77}},"28":{"start":{"line":82,"column":2},"end":{"line":84,"column":3}},"29":{"start":{"line":83,"column":4},"end":{"line":83,"column":63}},"30":{"start":{"line":86,"column":2},"end":{"line":86,"column":33}},"31":{"start":{"line":87,"column":2},"end":{"line":87,"column":25}},"32":{"start":{"line":91,"column":0},"end":{"line":97,"column":3}},"33":{"start":{"line":92,"column":2},"end":{"line":96,"column":5}},"34":{"start":{"line":100,"column":0},"end":{"line":105,"column":1}},"35":{"start":{"line":101,"column":2},"end":{"line":104,"column":5}},"36":{"start":{"line":102,"column":4},"end":{"line":102,"column":61}},"37":{"start":{"line":103,"column":4},"end":{"line":103,"column":69}},"38":{"start":{"line":107,"column":0},"end":{"line":107,"column":21}}},"fnMap":{"0":{"name":"(anonymous_0)","decl":{"start":{"line":33,"column":23},"end":{"line":33,"column":24}},"loc":{"start":{"line":33,"column":35},"end":{"line":42,"column":1}},"line":33},"1":{"name":"(anonymous_1)","decl":{"start":{"line":45,"column":24},"end":{"line":45,"column":25}},"loc":{"start":{"line":45,"column":38},"end":{"line":47,"column":1}},"line":45},"2":{"name":"(anonymous_2)","decl":{"start":{"line":50,"column":28},"end":{"line":50,"column":29}},"loc":{"start":{"line":50,"column":42},"end":{"line":56,"column":1}},"line":50},"3":{"name":"(anonymous_3)","decl":{"start":{"line":51,"column":30},"end":{"line":51,"column":31}},"loc":{"start":{"line":51,"column":35},"end":{"line":51,"column":67}},"line":51},"4":{"name":"(anonymous_4)","decl":{"start":{"line":59,"column":25},"end":{"line":59,"column":26}},"loc":{"start":{"line":59,"column":39},"end":{"line":77,"column":1}},"line":59},"5":{"name":"(anonymous_5)","decl":{"start":{"line":80,"column":31},"end":{"line":80,"column":32}},"loc":{"start":{"line":80,"column":45},"end":{"line":88,"column":1}},"line":80},"6":{"name":"(anonymous_6)","decl":{"start":{"line":81,"column":40},"end":{"line":81,"column":41}},"loc":{"start":{"line":81,"column":45},"end":{"line":81,"column":77}},"line":81},"7":{"name":"(anonymous_7)","decl":{"start":{"line":91,"column":23},"end":{"line":91,"column":24}},"loc":{"start":{"line":91,"column":37},"end":{"line":97,"column":1}},"line":91},"8":{"name":"(anonymous_8)","decl":{"start":{"line":101,"column":30},"end":{"line":101,"column":31}},"loc":{"start":{"line":101,"column":36},"end":{"line":104,"column":3}},"line":101}},"branchMap":{"0":{"loc":{"start":{"line":5,"column":13},"end":{"line":5,"column":37}},"type":"binary-expr","locations":[{"start":{"line":5,"column":13},"end":{"line":5,"column":29}},{"start":{"line":5,"column":33},"end":{"line":5,"column":37}}],"line":5},"1":{"loc":{"start":{"line":34,"column":9},"end":{"line":41,"column":38}},"type":"binary-expr","locations":[{"start":{"line":34,"column":9},"end":{"line":34,"column":20}},{"start":{"line":35,"column":9},"end":{"line":35,"column":34}},{"start":{"line":36,"column":9},"end":{"line":36,"column":27}},{"start":{"line":37,"column":9},"end":{"line":37,"column":41}},{"start":{"line":38,"column":9},"end":{"line":38,"column":28}},{"start":{"line":39,"column":9},"end":{"line":39,"column":42}},{"start":{"line":40,"column":9},"end":{"line":40,"column":24}},{"start":{"line":41,"column":9},"end":{"line":41,"column":38}}],"line":34},"2":{"loc":{"start":{"line":52,"column":2},"end":{"line":54,"column":3}},"type":"if","locations":[{"start":{"line":52,"column":2},"end":{"line":54,"column":3}},{"start":{},"end":{}}],"line":52},"3":{"loc":{"start":{"line":62,"column":2},"end":{"line":64,"column":3}},"type":"if","locations":[{"start":{"line":62,"column":2},"end":{"line":64,"column":3}},{"start":{},"end":{}}],"line":62},"4":{"loc":{"start":{"line":82,"column":2},"end":{"line":84,"column":3}},"type":"if","locations":[{"start":{"line":82,"column":2},"end":{"line":84,"column":3}},{"start":{},"end":{}}],"line":82},"5":{"loc":{"start":{"line":100,"column":0},"end":{"line":105,"column":1}},"type":"if","locations":[{"start":{"line":100,"column":0},"end":{"line":105,"column":1}},{"start":{},"end":{}}],"line":100}},"s":{"0":1,"1":1,"2":1,"3":1,"4":1,"5":1,"6":1,"7":1,"8":1,"9":3,"10":1,"11":2,"12":1,"13":3,"14":7,"15":3,"16":2,"17":1,"18":1,"19":3,"20":3,"21":1,"22":2,"23":2,"24":2,"25":1,"26":2,"27":7,"28":2,"29":1,"30":1,"31":1,"32":1,"33":1,"34":1,"35":0,"36":0,"37":0,"38":1},"f":{"0":3,"1":2,"2":3,"3":7,"4":3,"5":2,"6":7,"7":1,"8":0},"b":{"0":[1,1],"1":[3,2,2,2,2,2,2,2],"2":[2,1],"3":[1,2],"4":[1,1],"5":[0,1]},"_coverageSchema":"1a1c01bbd47fc00a2c39e90264f33305004495a9","hash":"ae80d31fa3c18130fe8481d1279dce6772c969ac"}
}
